2023-09-01 12:12:54,492 DEBUG Found 17 flights.
2023-09-01 12:12:54,492 DEBUG Parsing flight 1
2023-09-01 12:12:54,492 DEBUG Parsing flight data.
2023-09-01 12:12:55,614 DEBUG Parsing flight 2
2023-09-01 12:12:55,614 DEBUG Parsing flight data.
2023-09-01 12:12:55,927 DEBUG Parsing flight 3
2023-09-01 12:12:55,927 DEBUG Parsing flight data.
2023-09-01 12:12:56,242 DEBUG Parsing flight 4
2023-09-01 12:12:56,242 DEBUG Parsing flight data.
2023-09-01 12:12:56,560 DEBUG Parsing flight 5
2023-09-01 12:12:56,560 DEBUG Parsing flight data.
2023-09-01 12:12:56,880 DEBUG Parsing flight 6
2023-09-01 12:12:56,880 DEBUG Parsing flight data.
2023-09-01 12:12:57,232 DEBUG Parsing flight 7
2023-09-01 12:12:57,232 DEBUG Parsing flight data.
2023-09-01 12:12:57,557 DEBUG Parsing flight 8
2023-09-01 12:12:57,557 DEBUG Parsing flight data.
2023-09-01 12:12:57,870 DEBUG Parsing flight 9
2023-09-01 12:12:57,871 DEBUG Parsing flight data.
2023-09-01 12:12:58,176 DEBUG Parsing flight 10
2023-09-01 12:12:58,177 DEBUG Parsing flight data.
2023-09-01 12:12:58,488 DEBUG Parsing flight 11
2023-09-01 12:12:58,488 DEBUG Parsing flight data.
2023-09-01 12:12:58,809 DEBUG Parsing flight 12
2023-09-01 12:12:58,809 DEBUG Parsing flight data.
2023-09-01 12:12:59,127 DEBUG Parsing flight 13
2023-09-01 12:12:59,128 DEBUG Parsing flight data.
2023-09-01 12:12:59,460 DEBUG Parsing flight 14
2023-09-01 12:12:59,460 DEBUG Parsing flight data.
2023-09-01 12:12:59,789 DEBUG Parsing flight 15
2023-09-01 12:12:59,789 DEBUG Parsing flight data.
2023-09-01 12:13:00,107 DEBUG Parsing flight 16
2023-09-01 12:13:00,107 DEBUG Parsing flight data.
2023-09-01 12:13:00,360 DEBUG Parsing flight 17
2023-09-01 12:13:00,360 DEBUG Parsing flight data.
2023-09-01 12:13:00,554 DEBUG 
-------------------------------

Flight 1
Departure: 06:15 LHR
Arrival: 09:40 MAD
Company: British Airways
Duration summary: 2h 
 hours
25m
 minutes
Stops info: Non-stop
Tariffs: |Economy Basic - £134||Economy Plus - £158||Business - £339|

Flight 2
Departure: 07:45 LHR
Arrival: 11:10 MAD
Company: British Airways
Duration summary: 2h 
 hours
25m
 minutes
Stops info: Non-stop
Tariffs: |Economy Basic - £225||Economy Plus - £249||Business - £472|

Flight 3
Departure: 09:15 LHR
Arrival: 12:45 MAD
Company: Iberia
Duration summary: 2h 
 hours
30m
 minutes
Stops info: Non-stop
Tariffs: |Economy (Hand baggage only) - £225||Economy (Checked baggage) - £249||Business - £703|

Flight 4
Departure: 10:50 LHR
Arrival: 14:15 MAD
Company: Iberia
Duration summary: 2h 
 hours
25m
 minutes
Stops info: Non-stop
Tariffs: |Economy (Hand baggage only) - £153||Economy (Checked baggage) - £177||Business - £463|

Flight 5
Departure: 11:30 LHR
Arrival: 15:00 MAD
Company: Iberia
Duration summary: 2h 
 hours
30m
 minutes
Stops info: Non-stop
Tariffs: |Economy (Hand baggage only) - £115||Economy (Checked baggage) - £139||Business - £463|

Flight 6
Departure: 13:05 LHR
Arrival: 16:30 MAD
Company: British Airways
Duration summary: 2h 
 hours
25m
 minutes
Stops info: Non-stop
Tariffs: |Economy Basic - £283||Economy Plus - £307||Business - £530|

Flight 7
Departure: 14:10 LHR
Arrival: 17:35 MAD
Company: British Airways
Duration summary: 2h 
 hours
25m
 minutes
Stops info: Non-stop
Tariffs: |Economy Basic - £182||Economy Plus - £206||Business - £387|

Flight 8
Departure: 15:50 LHR
Arrival: 19:20 MAD
Company: Iberia
Duration summary: 2h 
 hours
30m
 minutes
Stops info: Non-stop
Tariffs: |Economy (Hand baggage only) - £144||Economy (Checked baggage) - £168||Business - £463|

Flight 9
Departure: 16:30 LHR
Arrival: 19:55 MAD
Company: FINNAIR FOR BRITISH AIRWAYS
Duration summary: 2h 
 hours
25m
 minutes
Stops info: Non-stop
Tariffs: |Economy (Hand baggage only) - £197||Economy (Checked baggage) - £221||Business - £402|

Flight 10
Departure: 17:25 LHR
Arrival: 20:55 MAD
Company: Iberia
Duration summary: 2h 
 hours
30m
 minutes
Stops info: Non-stop
Tariffs: |Economy (Hand baggage only) - £115||Economy (Checked baggage) - £139||Business - £292|

Flight 11
Departure: 18:45 LHR
Arrival: 22:10 MAD
Company: Iberia
Duration summary: 2h 
 hours
25m
 minutes
Stops info: Non-stop
Tariffs: |Economy (Hand baggage only) - £86||Economy (Checked baggage) - £110||Business - £292|

Flight 12
Departure: 19:10 LHR
Arrival: 22:40 MAD
Company: Iberia
Duration summary: 2h 
 hours
30m
 minutes
Stops info: Non-stop
Tariffs: |Economy (Hand baggage only) - £134||Economy (Checked baggage) - £158||Business - £463|

Flight 13
Departure: 20:10 LHR
Arrival: 23:40 MAD
Company: Iberia
Duration summary: 2h 
 hours
30m
 minutes
Stops info: Non-stop
Tariffs: |Economy (Hand baggage only) - £134||Economy (Checked baggage) - £158||Business - £703|

Flight 14
Departure: 10:50 LGW
Arrival: 14:20 MAD
Company: IBERIA EXPRESS FOR IBERIA
Duration summary: 2h 
 hours
30m
 minutes
Stops info: Non-stop
Tariffs: |Economy (Hand baggage only) - £107||Economy (Checked baggage) - £127||Business - £259|

Flight 15
Departure: 20:45 LGW
Arrival: 00:10 MAD
Company: IBERIA EXPRESS FOR IBERIA
Duration summary: 2h 
 hours
25m
 minutes
Stops info: Non-stop
Tariffs: |Economy (Hand baggage only) - £65||Economy (Checked baggage) - £85||Business - £259|

Flight 16
Departure: 06:55 LHR
Arrival: 14:50 MAD
Company: British Airways
Duration summary: 6h 
 hours
55m
 minutes
Stops info: 1 connection
Tariffs: |Economy (Checked baggage) - £100||Business - £329|

Flight 17
Departure: 21:10 LHR
Arrival: 14:50 MAD
Company: British Airways
Duration summary: 16h 
 hours
40m
 minutes
Stops info: 2 connections
Tariffs: |Economy (Checked baggage) - £305|

-------------------------------
