2023-08-30 20:57:23,637 INFO Creating session.
2023-08-30 20:57:23,642 DEBUG getting release number from /last-known-good-versions-with-downloads.json
2023-08-30 20:57:23,816 DEBUG downloading from https://edgedl.me.gvt1.com/edgedl/chrome/chrome-for-testing/116.0.5845.96/linux64/chromedriver-linux64.zip
2023-08-30 20:57:24,922 DEBUG unzipping /tmp/tmpycevxmmg
2023-08-30 20:57:25,077 INFO patching driver executable /home/artem/.local/share/undetected_chromedriver/undetected_chromedriver
2023-08-30 20:57:25,101 DEBUG found block:
b'{window.cdc_adoQpoasnfa76pfcZLmcfl_Array = window.Array;window.cdc_adoQpoasnfa76pfcZLmcfl_Object = window.Object;window.cdc_adoQpoasnfa76pfcZLmcfl_Promise = window.Promise;window.cdc_adoQpoasnfa76pfcZLmcfl_Proxy = window.Proxy;window.cdc_adoQpoasnfa76pfcZLmcfl_Symbol = window.Symbol;}'
replacing with:
b'{console.log("undetected chromedriver 1337!")}                                                                                                                                                                                                                                               '
2023-08-30 20:57:25,106 DEBUG patching took us 0.03 seconds
2023-08-30 20:57:25,123 DEBUG Started executable: `/home/artem/.local/share/undetected_chromedriver/undetected_chromedriver` in a child process with pid: 128642
2023-08-30 20:57:25,624 DEBUG POST http://localhost:50159/session {"capabilities": {"firstMatch": [{}], "alwaysMatch": {"browserName": "chrome", "pageLoadStrategy": "normal", "goog:chromeOptions": {"extensions": [], "binary": "/usr/bin/chromium-browser", "args": ["--no-sandbox", "--start-maximized", "--remote-debugging-host=127.0.0.1", "--remote-debugging-port=35823", "--headless", "--user-data-dir=/tmp/tmp38re7_p6", "--lang=en-US", "--no-default-browser-check", "--no-first-run", "--no-sandbox", "--test-type", "--headless=new", "--window-size=1920,1080", "--start-maximized", "--no-sandbox", "--log-level=0"], "debuggerAddress": "127.0.0.1:35823"}}}}
2023-08-30 20:57:25,625 DEBUG Starting new HTTP connection (1): localhost:50159
2023-08-30 20:57:25,838 DEBUG http://localhost:50159 "POST /session HTTP/1.1" 200 0
2023-08-30 20:57:25,838 DEBUG Remote response: status=200 | data={"value":{"capabilities":{"acceptInsecureCerts":false,"browserName":"chrome","browserVersion":"116.0.5845.96","chrome":{"chromedriverVersion":"116.0.5845.96 (1a391816688002153ef791ffe60d9e899a71a037-refs/branch-heads/5845@{#1382})"},"fedcm:accounts":true,"goog:chromeOptions":{"debuggerAddress":"127.0.0.1:35823"},"pageLoadStrategy":"normal","platformName":"","proxy":{},"setWindowRect":false,"strictFileInteractability":false,"timeouts":{"implicit":0,"pageLoad":300000,"script":30000},"unhandledPromptBehavior":"dismiss and notify","webauthn:extension:credBlob":true,"webauthn:extension:largeBlob":true,"webauthn:extension:minPinLength":true,"webauthn:extension:prf":true,"webauthn:virtualAuthenticators":true},"sessionId":"5561f34f968382e26ca5c6bd0db634bf"}} | headers=HTTPHeaderDict({'Content-Length': '760', 'Content-Type': 'application/json; charset=utf-8', 'cache-control': 'no-cache'})
2023-08-30 20:57:25,838 DEBUG Finished Request
2023-08-30 20:57:25,838 DEBUG POST http://localhost:50159/session/5561f34f968382e26ca5c6bd0db634bf/execute/sync {"script": "return navigator.webdriver", "args": []}
2023-08-30 20:57:26,093 DEBUG http://localhost:50159 "POST /session/5561f34f968382e26ca5c6bd0db634bf/execute/sync HTTP/1.1" 200 0
2023-08-30 20:57:26,093 DEBUG Remote response: status=200 | data={"value":false} | headers=HTTPHeaderDict({'Content-Length': '15', 'Content-Type': 'application/json; charset=utf-8', 'cache-control': 'no-cache'})
2023-08-30 20:57:26,093 DEBUG Finished Request
2023-08-30 20:57:26,093 DEBUG POST http://localhost:50159/session/5561f34f968382e26ca5c6bd0db634bf/url {"url": "https://www.britishairways.com"}
